<?xml version="1.0" encoding="UTF-8"?>
<!-- Generated by org.testng.reporters.JUnitReportReporter -->
<testsuite hostname="SWITCH-PC10" name="testcases.Login_the_page" tests="1" failures="0" timestamp="11 May 2022 10:16:14 GMT" time="31.862" errors="0">
  <testcase name="browserlaunch" time="31.862" classname="testcases.Login_the_page"/>
</testsuite> <!-- testcases.Login_the_page -->
